<?xml version="1.0" encoding="utf-8"?><testsuites><testsuite name="pytest" errors="0" failures="0" skipped="0" tests="1" time="0.039" timestamp="2024-01-21T21:39:48.206393" hostname="diodorus"><testcase classname="tests.test_hello" name="test_hello" time="0.001" /></testsuite></testsuites>